2019-04-16 10:31:42,849 [Worker-3: Loading available Gradle versions] INFO  c.g.t.t.d.PublishedGradleVersions - Gradle version information cache is out-of-date. Trying to update.
2019-04-16 10:32:20,676 [Worker-1: Creating project "springbootTest"] INFO  o.e.m.c.i.l.LifecycleMappingFactory - Using org.eclipse.m2e.jdt.JarLifecycleMapping lifecycle mapping for MavenProject: com.hydu:springbootTest:0.0.1-SNAPSHOT @ D:\springboottest\springbootTest\pom.xml.
2019-04-16 10:32:22,114 [Worker-1: Creating project "springbootTest"] INFO  o.e.m.j.i.AbstractJavaProjectConfigurator - Adding source folder /springbootTest/src/main/java
2019-04-16 10:32:22,116 [Worker-1: Creating project "springbootTest"] INFO  o.e.m.j.i.AbstractJavaProjectConfigurator - Adding resource folder /springbootTest/src/main/resources
2019-04-16 10:32:22,117 [Worker-1: Creating project "springbootTest"] INFO  o.e.m.j.i.AbstractJavaProjectConfigurator - Adding source folder /springbootTest/src/test/java
2019-04-16 10:32:22,118 [Worker-1: Creating project "springbootTest"] INFO  o.e.m.j.i.AbstractJavaProjectConfigurator - Adding resource folder /springbootTest/src/test/resources
2019-04-16 10:32:24,820 [Worker-3: Building workspace] WARN  o.e.m.c.i.embedder.EclipseLogger - Using platform encoding (GBK actually) to copy filtered resources, i.e. build is platform dependent!
2019-04-16 10:32:24,836 [Worker-3: Building workspace] INFO  o.e.m.c.i.embedder.EclipseLogger - Copying 0 resource
2019-04-16 10:32:24,839 [Worker-3: Building workspace] WARN  o.e.m.c.i.embedder.EclipseLogger - Using platform encoding (GBK actually) to copy filtered resources, i.e. build is platform dependent!
2019-04-16 10:32:24,843 [Worker-3: Building workspace] INFO  o.e.m.c.i.embedder.EclipseLogger - Copying 0 resource
2019-04-16 10:33:39,596 [Worker-12: Building workspace] INFO  o.e.m.c.i.l.LifecycleMappingFactory - Using org.eclipse.m2e.jdt.JarLifecycleMapping lifecycle mapping for MavenProject: com.hydu:springbootTest:0.0.1-SNAPSHOT @ D:\springboottest\springbootTest\pom.xml.
2019-04-16 10:33:45,742 [Worker-12: Building workspace] INFO  o.e.m.c.i.e.AbstractTransferListenerAdapter - Downloading https://repo.maven.apache.org/maven2/com/fasterxml/jackson/core/jackson-databind/2.9.5/jackson-databind-2.9.5.pom
2019-04-16 10:33:45,952 [Worker-12: Building workspace] INFO  o.e.m.c.i.e.AbstractTransferListenerAdapter - Downloaded https://repo.maven.apache.org/maven2/com/fasterxml/jackson/core/jackson-databind/2.9.5/jackson-databind-2.9.5.pom
2019-04-16 10:33:46,146 [Worker-12: Building workspace] INFO  o.e.m.c.i.e.AbstractTransferListenerAdapter - Downloading https://repo.maven.apache.org/maven2/com/fasterxml/jackson/jackson-base/2.9.5/jackson-base-2.9.5.pom
2019-04-16 10:33:46,341 [Worker-12: Building workspace] INFO  o.e.m.c.i.e.AbstractTransferListenerAdapter - Downloaded https://repo.maven.apache.org/maven2/com/fasterxml/jackson/jackson-base/2.9.5/jackson-base-2.9.5.pom
2019-04-16 10:33:47,145 [Worker-12: Building workspace] INFO  o.e.m.c.i.e.AbstractTransferListenerAdapter - Downloading https://repo.maven.apache.org/maven2/com/fasterxml/jackson/core/jackson-core/2.9.5/jackson-core-2.9.5.pom
2019-04-16 10:33:47,364 [Worker-12: Building workspace] INFO  o.e.m.c.i.e.AbstractTransferListenerAdapter - Downloaded https://repo.maven.apache.org/maven2/com/fasterxml/jackson/core/jackson-core/2.9.5/jackson-core-2.9.5.pom
2019-04-16 10:33:47,606 [Worker-12: Building workspace] INFO  o.e.m.c.i.e.AbstractTransferListenerAdapter - Downloading https://repo.maven.apache.org/maven2/com/fasterxml/jackson/datatype/jackson-datatype-jdk8/2.9.5/jackson-datatype-jdk8-2.9.5.pom
2019-04-16 10:33:47,789 [Worker-12: Building workspace] INFO  o.e.m.c.i.e.AbstractTransferListenerAdapter - Downloaded https://repo.maven.apache.org/maven2/com/fasterxml/jackson/datatype/jackson-datatype-jdk8/2.9.5/jackson-datatype-jdk8-2.9.5.pom
2019-04-16 10:33:47,980 [Worker-12: Building workspace] INFO  o.e.m.c.i.e.AbstractTransferListenerAdapter - Downloading https://repo.maven.apache.org/maven2/com/fasterxml/jackson/module/jackson-modules-java8/2.9.5/jackson-modules-java8-2.9.5.pom
2019-04-16 10:33:48,164 [Worker-12: Building workspace] INFO  o.e.m.c.i.e.AbstractTransferListenerAdapter - Downloaded https://repo.maven.apache.org/maven2/com/fasterxml/jackson/module/jackson-modules-java8/2.9.5/jackson-modules-java8-2.9.5.pom
2019-04-16 10:33:48,351 [Worker-12: Building workspace] INFO  o.e.m.c.i.e.AbstractTransferListenerAdapter - Downloading https://repo.maven.apache.org/maven2/com/fasterxml/jackson/datatype/jackson-datatype-jsr310/2.9.5/jackson-datatype-jsr310-2.9.5.pom
2019-04-16 10:33:48,536 [Worker-12: Building workspace] INFO  o.e.m.c.i.e.AbstractTransferListenerAdapter - Downloaded https://repo.maven.apache.org/maven2/com/fasterxml/jackson/datatype/jackson-datatype-jsr310/2.9.5/jackson-datatype-jsr310-2.9.5.pom
2019-04-16 10:33:48,727 [Worker-12: Building workspace] INFO  o.e.m.c.i.e.AbstractTransferListenerAdapter - Downloading https://repo.maven.apache.org/maven2/com/fasterxml/jackson/module/jackson-module-parameter-names/2.9.5/jackson-module-parameter-names-2.9.5.pom
2019-04-16 10:33:48,922 [Worker-12: Building workspace] INFO  o.e.m.c.i.e.AbstractTransferListenerAdapter - Downloaded https://repo.maven.apache.org/maven2/com/fasterxml/jackson/module/jackson-module-parameter-names/2.9.5/jackson-module-parameter-names-2.9.5.pom
2019-04-16 10:33:54,991 [Worker-12: Building workspace] INFO  o.e.m.c.i.e.AbstractTransferListenerAdapter - Downloading https://repo.maven.apache.org/maven2/com/fasterxml/jackson/core/jackson-databind/2.9.5/jackson-databind-2.9.5.jar
2019-04-16 10:33:58,481 [Worker-12: Building workspace] INFO  o.e.m.c.i.e.AbstractTransferListenerAdapter - Downloaded https://repo.maven.apache.org/maven2/com/fasterxml/jackson/core/jackson-databind/2.9.5/jackson-databind-2.9.5.jar
2019-04-16 10:33:58,801 [Worker-12: Building workspace] INFO  o.e.m.c.i.e.AbstractTransferListenerAdapter - Downloading https://repo.maven.apache.org/maven2/com/fasterxml/jackson/core/jackson-core/2.9.5/jackson-core-2.9.5.jar
2019-04-16 10:33:59,697 [Worker-12: Building workspace] INFO  o.e.m.c.i.e.AbstractTransferListenerAdapter - Downloaded https://repo.maven.apache.org/maven2/com/fasterxml/jackson/core/jackson-core/2.9.5/jackson-core-2.9.5.jar
2019-04-16 10:33:59,882 [Worker-12: Building workspace] INFO  o.e.m.c.i.e.AbstractTransferListenerAdapter - Downloading https://repo.maven.apache.org/maven2/com/fasterxml/jackson/datatype/jackson-datatype-jdk8/2.9.5/jackson-datatype-jdk8-2.9.5.jar
2019-04-16 10:34:00,134 [Worker-12: Building workspace] INFO  o.e.m.c.i.e.AbstractTransferListenerAdapter - Downloaded https://repo.maven.apache.org/maven2/com/fasterxml/jackson/datatype/jackson-datatype-jdk8/2.9.5/jackson-datatype-jdk8-2.9.5.jar
2019-04-16 10:34:00,318 [Worker-12: Building workspace] INFO  o.e.m.c.i.e.AbstractTransferListenerAdapter - Downloading https://repo.maven.apache.org/maven2/com/fasterxml/jackson/datatype/jackson-datatype-jsr310/2.9.5/jackson-datatype-jsr310-2.9.5.jar
2019-04-16 10:34:00,681 [Worker-12: Building workspace] INFO  o.e.m.c.i.e.AbstractTransferListenerAdapter - Downloaded https://repo.maven.apache.org/maven2/com/fasterxml/jackson/datatype/jackson-datatype-jsr310/2.9.5/jackson-datatype-jsr310-2.9.5.jar
2019-04-16 10:34:00,848 [Worker-12: Building workspace] INFO  o.e.m.c.i.e.AbstractTransferListenerAdapter - Downloading https://repo.maven.apache.org/maven2/com/fasterxml/jackson/module/jackson-module-parameter-names/2.9.5/jackson-module-parameter-names-2.9.5.jar
2019-04-16 10:34:01,038 [Worker-12: Building workspace] INFO  o.e.m.c.i.e.AbstractTransferListenerAdapter - Downloaded https://repo.maven.apache.org/maven2/com/fasterxml/jackson/module/jackson-module-parameter-names/2.9.5/jackson-module-parameter-names-2.9.5.jar
2019-04-16 10:34:20,791 [Worker-12: Building workspace] INFO  o.e.m.c.i.embedder.EclipseLogger - Using 'UTF-8' encoding to copy filtered resources.
2019-04-16 10:34:20,800 [Worker-12: Building workspace] INFO  o.e.m.c.i.embedder.EclipseLogger - Copying 0 resource
2019-04-16 10:34:20,801 [Worker-12: Building workspace] INFO  o.e.m.c.i.embedder.EclipseLogger - Copying 0 resource
2019-04-16 10:34:20,811 [Worker-12: Building workspace] INFO  o.e.m.c.i.embedder.EclipseLogger - Using 'UTF-8' encoding to copy filtered resources.
2019-04-16 10:34:20,812 [Worker-12: Building workspace] INFO  o.e.m.c.i.embedder.EclipseLogger - Copying 0 resource
2019-04-16 10:34:22,256 [Worker-8: Download sources and javadoc] INFO  o.e.m.c.i.e.AbstractTransferListenerAdapter - Downloading https://repo.maven.apache.org/maven2/com/fasterxml/jackson/core/jackson-databind/2.9.5/jackson-databind-2.9.5-sources.jar
2019-04-16 10:34:23,959 [Worker-4: Building workspace] INFO  o.e.m.c.i.embedder.EclipseLogger - Using 'UTF-8' encoding to copy filtered resources.
2019-04-16 10:34:23,972 [Worker-4: Building workspace] INFO  o.e.m.c.i.embedder.EclipseLogger - Copying 0 resource
2019-04-16 10:34:23,983 [Worker-4: Building workspace] INFO  o.e.m.c.i.embedder.EclipseLogger - Copying 0 resource
2019-04-16 10:34:23,997 [Worker-4: Building workspace] INFO  o.e.m.c.i.embedder.EclipseLogger - Using 'UTF-8' encoding to copy filtered resources.
2019-04-16 10:34:23,999 [Worker-4: Building workspace] INFO  o.e.m.c.i.embedder.EclipseLogger - Copying 0 resource
2019-04-16 10:34:24,987 [Worker-8: Download sources and javadoc] INFO  o.e.m.c.i.e.AbstractTransferListenerAdapter - Downloaded https://repo.maven.apache.org/maven2/com/fasterxml/jackson/core/jackson-databind/2.9.5/jackson-databind-2.9.5-sources.jar
2019-04-16 10:34:26,065 [Worker-8: Download sources and javadoc] INFO  o.e.m.j.internal.DownloadSourcesJob - Downloaded sources for com.fasterxml.jackson.core:jackson-databind:2.9.5
2019-04-16 10:34:26,237 [Worker-8: Download sources and javadoc] INFO  o.e.m.c.i.e.AbstractTransferListenerAdapter - Downloading https://repo.maven.apache.org/maven2/com/fasterxml/jackson/core/jackson-core/2.9.5/jackson-core-2.9.5-sources.jar
2019-04-16 10:34:27,177 [Worker-8: Download sources and javadoc] INFO  o.e.m.c.i.e.AbstractTransferListenerAdapter - Downloaded https://repo.maven.apache.org/maven2/com/fasterxml/jackson/core/jackson-core/2.9.5/jackson-core-2.9.5-sources.jar
2019-04-16 10:34:27,702 [Worker-8: Download sources and javadoc] INFO  o.e.m.j.internal.DownloadSourcesJob - Downloaded sources for com.fasterxml.jackson.core:jackson-core:2.9.5
2019-04-16 10:34:27,892 [Worker-8: Download sources and javadoc] INFO  o.e.m.c.i.e.AbstractTransferListenerAdapter - Downloading https://repo.maven.apache.org/maven2/com/fasterxml/jackson/datatype/jackson-datatype-jdk8/2.9.5/jackson-datatype-jdk8-2.9.5-sources.jar
2019-04-16 10:34:28,081 [Worker-8: Download sources and javadoc] INFO  o.e.m.c.i.e.AbstractTransferListenerAdapter - Downloaded https://repo.maven.apache.org/maven2/com/fasterxml/jackson/datatype/jackson-datatype-jdk8/2.9.5/jackson-datatype-jdk8-2.9.5-sources.jar
2019-04-16 10:34:28,341 [Worker-8: Download sources and javadoc] INFO  o.e.m.j.internal.DownloadSourcesJob - Downloaded sources for com.fasterxml.jackson.datatype:jackson-datatype-jdk8:2.9.5
2019-04-16 10:34:28,533 [Worker-8: Download sources and javadoc] INFO  o.e.m.c.i.e.AbstractTransferListenerAdapter - Downloading https://repo.maven.apache.org/maven2/com/fasterxml/jackson/datatype/jackson-datatype-jsr310/2.9.5/jackson-datatype-jsr310-2.9.5-sources.jar
2019-04-16 10:34:28,847 [Worker-8: Download sources and javadoc] INFO  o.e.m.c.i.e.AbstractTransferListenerAdapter - Downloaded https://repo.maven.apache.org/maven2/com/fasterxml/jackson/datatype/jackson-datatype-jsr310/2.9.5/jackson-datatype-jsr310-2.9.5-sources.jar
2019-04-16 10:34:29,108 [Worker-8: Download sources and javadoc] INFO  o.e.m.j.internal.DownloadSourcesJob - Downloaded sources for com.fasterxml.jackson.datatype:jackson-datatype-jsr310:2.9.5
2019-04-16 10:34:29,274 [Worker-8: Download sources and javadoc] INFO  o.e.m.c.i.e.AbstractTransferListenerAdapter - Downloading https://repo.maven.apache.org/maven2/com/fasterxml/jackson/module/jackson-module-parameter-names/2.9.5/jackson-module-parameter-names-2.9.5-sources.jar
2019-04-16 10:34:29,466 [Worker-8: Download sources and javadoc] INFO  o.e.m.c.i.e.AbstractTransferListenerAdapter - Downloaded https://repo.maven.apache.org/maven2/com/fasterxml/jackson/module/jackson-module-parameter-names/2.9.5/jackson-module-parameter-names-2.9.5-sources.jar
2019-04-16 10:34:29,952 [Worker-8: Download sources and javadoc] INFO  o.e.m.j.internal.DownloadSourcesJob - Downloaded sources for com.fasterxml.jackson.module:jackson-module-parameter-names:2.9.5
2019-04-16 10:34:30,722 [Worker-8: Building workspace] INFO  o.e.m.c.i.embedder.EclipseLogger - Using 'UTF-8' encoding to copy filtered resources.
2019-04-16 10:34:30,723 [Worker-8: Building workspace] INFO  o.e.m.c.i.embedder.EclipseLogger - Copying 0 resource
2019-04-16 10:34:30,724 [Worker-8: Building workspace] INFO  o.e.m.c.i.embedder.EclipseLogger - Copying 0 resource
2019-04-16 10:34:30,728 [Worker-8: Building workspace] INFO  o.e.m.c.i.embedder.EclipseLogger - Using 'UTF-8' encoding to copy filtered resources.
2019-04-16 10:34:30,731 [Worker-8: Building workspace] INFO  o.e.m.c.i.embedder.EclipseLogger - Copying 0 resource
2019-04-16 10:37:11,220 [Worker-16: Building workspace] INFO  o.e.m.c.i.embedder.EclipseLogger - Using 'UTF-8' encoding to copy filtered resources.
2019-04-16 10:37:11,236 [Worker-16: Building workspace] INFO  o.e.m.c.i.embedder.EclipseLogger - Copying 0 resource
2019-04-16 10:37:11,239 [Worker-16: Building workspace] INFO  o.e.m.c.i.embedder.EclipseLogger - Copying 0 resource
2019-04-16 10:37:11,243 [Worker-16: Building workspace] INFO  o.e.m.c.i.embedder.EclipseLogger - Using 'UTF-8' encoding to copy filtered resources.
2019-04-16 10:37:11,245 [Worker-16: Building workspace] INFO  o.e.m.c.i.embedder.EclipseLogger - Copying 0 resource
